C:\USERS\MASTER KENTH\DOCUMENTS\GITHUB\NY MAPP\DEBUG\GAME.EXE
C:\USERS\MASTER KENTH\DOCUMENTS\GITHUB\NY MAPP\DEBUG\GAME.ILK
C:\USERS\MASTER KENTH\DOCUMENTS\GITHUB\NY MAPP\DEBUG\GAME.PDB
C:\Users\Master Kenth\Documents\GitHub\Ny mapp\Game\Debug\cl.command.1.tlog
C:\Users\Master Kenth\Documents\GitHub\Ny mapp\Game\Debug\CL.read.1.tlog
C:\Users\Master Kenth\Documents\GitHub\Ny mapp\Game\Debug\CL.write.1.tlog
C:\Users\Master Kenth\Documents\GitHub\Ny mapp\Game\Debug\Game.exe.embed.manifest
C:\USERS\MASTER KENTH\DOCUMENTS\GITHUB\NY MAPP\GAME\DEBUG\GAME.EXE.EMBED.MANIFEST.RES
C:\USERS\MASTER KENTH\DOCUMENTS\GITHUB\NY MAPP\GAME\DEBUG\GAME.EXE.INTERMEDIATE.MANIFEST
C:\Users\Master Kenth\Documents\GitHub\Ny mapp\Game\Debug\Game.write.1.tlog
C:\Users\Master Kenth\Documents\GitHub\Ny mapp\Game\Debug\Game_manifest.rc
C:\USERS\MASTER KENTH\DOCUMENTS\GITHUB\NY MAPP\GAME\DEBUG\IMAGEMANAGER.OBJ
C:\Users\Master Kenth\Documents\GitHub\Ny mapp\Game\Debug\link.1352.read.1.tlog
C:\Users\Master Kenth\Documents\GitHub\Ny mapp\Game\Debug\link.1352.write.1.tlog
C:\Users\Master Kenth\Documents\GitHub\Ny mapp\Game\Debug\link.1352-cvtres.read.1.tlog
C:\Users\Master Kenth\Documents\GitHub\Ny mapp\Game\Debug\link.1352-cvtres.write.1.tlog
C:\Users\Master Kenth\Documents\GitHub\Ny mapp\Game\Debug\link.7108.read.1.tlog
C:\Users\Master Kenth\Documents\GitHub\Ny mapp\Game\Debug\link.7108.write.1.tlog
C:\Users\Master Kenth\Documents\GitHub\Ny mapp\Game\Debug\link.command.1.tlog
C:\Users\Master Kenth\Documents\GitHub\Ny mapp\Game\Debug\link.read.1.tlog
C:\Users\Master Kenth\Documents\GitHub\Ny mapp\Game\Debug\link.write.1.tlog
C:\Users\Master Kenth\Documents\GitHub\Ny mapp\Game\Debug\link-cvtres.read.1.tlog
C:\Users\Master Kenth\Documents\GitHub\Ny mapp\Game\Debug\link-cvtres.write.1.tlog
C:\USERS\MASTER KENTH\DOCUMENTS\GITHUB\NY MAPP\GAME\DEBUG\MAIN.OBJ
C:\Users\Master Kenth\Documents\GitHub\Ny mapp\Game\Debug\mt.command.1.tlog
C:\Users\Master Kenth\Documents\GitHub\Ny mapp\Game\Debug\mt.read.1.tlog
C:\Users\Master Kenth\Documents\GitHub\Ny mapp\Game\Debug\mt.write.1.tlog
C:\USERS\MASTER KENTH\DOCUMENTS\GITHUB\NY MAPP\GAME\DEBUG\PHOENIXENGINE.OBJ
C:\Users\Master Kenth\Documents\GitHub\Ny mapp\Game\Debug\rc.command.1.tlog
C:\Users\Master Kenth\Documents\GitHub\Ny mapp\Game\Debug\rc.read.1.tlog
C:\Users\Master Kenth\Documents\GitHub\Ny mapp\Game\Debug\rc.write.1.tlog
C:\USERS\MASTER KENTH\DOCUMENTS\GITHUB\NY MAPP\GAME\DEBUG\STATETEST.OBJ
C:\Users\Master Kenth\Documents\GitHub\Ny mapp\Game\Debug\vc100.idb
C:\USERS\MASTER KENTH\DOCUMENTS\GITHUB\NY MAPP\GAME\DEBUG\VC100.PDB
C:\USERS\MASTER KENTH\DOCUMENTS\GITHUB\NY MAPP\GAME\DEBUG\WIIMOTE.OBJ
C:\USERS\MASTER KENTH\DOCUMENTS\GITHUB\NY MAPP\GAME\DEBUG\WIIMOTEBINDINGS.OBJ
C:\USERS\MASTER KENTH\DOCUMENTS\GITHUB\NY MAPP\SFML_TEST\DEBUG\GAME.EXE.EMBED.MANIFEST
C:\USERS\MASTER KENTH\DOCUMENTS\GITHUB\NY MAPP\SFML_TEST\DEBUG\GAME.EXE.EMBED.MANIFEST.RES
C:\USERS\MASTER KENTH\DOCUMENTS\GITHUB\NY MAPP\SFML_TEST\DEBUG\IMAGEMANAGER.OBJ
C:\USERS\MASTER KENTH\DOCUMENTS\GITHUB\NY MAPP\SFML_TEST\DEBUG\MAIN.OBJ
C:\USERS\MASTER KENTH\DOCUMENTS\GITHUB\NY MAPP\SFML_TEST\DEBUG\PHOENIXENGINE.OBJ
C:\USERS\MASTER KENTH\DOCUMENTS\GITHUB\NY MAPP\SFML_TEST\DEBUG\STATETEST.OBJ
C:\USERS\MASTER KENTH\DOCUMENTS\GITHUB\NY MAPP\SFML_TEST\DEBUG\VC100.PDB
C:\USERS\MASTER KENTH\DOCUMENTS\GITHUB\NY MAPP\SFML_TEST\DEBUG\WIIMOTEBINDINGS.OBJ
