<<<<<<< HEAD
﻿Build started 2013-01-26 17:59:55.
     1>Project "C:\Users\Master Kenth\Documents\GitHub\Comatic-Trauma\Game\Game.vcxproj" on node 2 (build target(s)).
     1>InitializeBuildStatus:
         Creating "Debug\Game.unsuccessfulbuild" because "AlwaysCreate" was specified.
       ClCompile:
         C:\Program Files (x86)\Microsoft Visual Studio 10.0\VC\bin\CL.exe /c /ZI /nologo /W3 /WX- /Od /Oy- /D WIN32 /D _DEBUG /D _CONSOLE /D _UNICODE /D UNICODE /Gm /EHsc /RTC1 /MDd /GS /fp:precise /Zc:wchar_t /Zc:forScope /Fo"Debug\\" /Fd"Debug\vc100.pdb" /Gd /TP /analyze- /errorReport:prompt Player.cpp
         Player.cpp
     1>c:\users\master kenth\documents\github\comatic-trauma\game\collision.h(27): warning C4244: '=' : conversion from 'const float' to 'int', possible loss of data
     1>c:\users\master kenth\documents\github\comatic-trauma\game\collision.h(28): warning C4244: '=' : conversion from 'const float' to 'int', possible loss of data
     1>c:\users\master kenth\documents\github\comatic-trauma\game\collision.h(31): warning C4244: '=' : conversion from 'const float' to 'int', possible loss of data
     1>c:\users\master kenth\documents\github\comatic-trauma\game\collision.h(32): warning C4244: '=' : conversion from 'const float' to 'int', possible loss of data
     1>c:\users\master kenth\documents\github\comatic-trauma\game\collision.h(44): warning C4244: 'argument' : conversion from 'const float' to 'int', possible loss of data
     1>c:\users\master kenth\documents\github\comatic-trauma\game\collision.h(44): warning C4244: 'argument' : conversion from 'const float' to 'int', possible loss of data
     1>c:\users\master kenth\documents\github\comatic-trauma\game\collision.h(45): warning C4244: 'argument' : conversion from 'const float' to 'int', possible loss of data
     1>c:\users\master kenth\documents\github\comatic-trauma\game\collision.h(45): warning C4244: 'argument' : conversion from 'const float' to 'int', possible loss of data
     1>c:\users\master kenth\documents\github\comatic-trauma\game\player.cpp(38): warning C4244: '=' : conversion from 'const float' to 'int', possible loss of data
     1>c:\users\master kenth\documents\github\comatic-trauma\game\player.cpp(39): warning C4244: '=' : conversion from 'const float' to 'int', possible loss of data
     1>c:\users\master kenth\documents\github\comatic-trauma\game\player.cpp(42): warning C4244: '=' : conversion from 'const float' to 'int', possible loss of data
     1>c:\users\master kenth\documents\github\comatic-trauma\game\player.cpp(43): warning C4244: '=' : conversion from 'const float' to 'int', possible loss of data
     1>c:\users\master kenth\documents\github\comatic-trauma\game\player.cpp(120): warning C4244: 'argument' : conversion from 'int' to 'float', possible loss of data
     1>c:\users\master kenth\documents\github\comatic-trauma\game\player.cpp(120): warning C4244: 'argument' : conversion from 'int' to 'float', possible loss of data
     1>c:\users\master kenth\documents\github\comatic-trauma\game\player.cpp(121): warning C4244: 'argument' : conversion from 'int' to 'float', possible loss of data
     1>c:\users\master kenth\documents\github\comatic-trauma\game\player.cpp(121): warning C4244: 'argument' : conversion from 'int' to 'float', possible loss of data
     1>c:\users\master kenth\documents\github\comatic-trauma\game\player.cpp(125): warning C4244: 'argument' : conversion from 'int' to 'float', possible loss of data
     1>c:\users\master kenth\documents\github\comatic-trauma\game\player.cpp(125): warning C4244: 'argument' : conversion from 'int' to 'float', possible loss of data
     1>c:\users\master kenth\documents\github\comatic-trauma\game\player.cpp(126): warning C4244: 'argument' : conversion from 'int' to 'float', possible loss of data
     1>c:\users\master kenth\documents\github\comatic-trauma\game\player.cpp(126): warning C4244: 'argument' : conversion from 'int' to 'float', possible loss of data
     1>c:\users\master kenth\documents\github\comatic-trauma\game\player.cpp(165): warning C4244: 'argument' : conversion from 'float' to 'int', possible loss of data
     1>c:\users\master kenth\documents\github\comatic-trauma\game\player.cpp(165): warning C4244: 'argument' : conversion from 'float' to 'int', possible loss of data
       ManifestResourceCompile:
         All outputs are up-to-date.
       Link:
         C:\Program Files (x86)\Microsoft Visual Studio 10.0\VC\bin\link.exe /ERRORREPORT:PROMPT /OUT:"C:\Users\Master Kenth\Documents\GitHub\Comatic-Trauma\Debug\Game.exe" /INCREMENTAL /NOLOGO setupapi.lib winmm.lib hid.lib "sfml-main-d.lib" "sfml-graphics-d.lib" "sfml-system-d.lib" "sfml-window-d.lib" "sfml-audio-d.lib" kernel32.lib user32.lib gdi32.lib winspool.lib comdlg32.lib advapi32.lib shell32.lib ole32.lib oleaut32.lib uuid.lib odbc32.lib odbccp32.lib /MANIFEST /ManifestFile:"Debug\Game.exe.intermediate.manifest" /MANIFESTUAC:"level='asInvoker' uiAccess='false'" /DEBUG /PDB:"C:\Users\Master Kenth\Documents\GitHub\Comatic-Trauma\Debug\Game.pdb" /SUBSYSTEM:CONSOLE /TLBID:1 /DYNAMICBASE /NXCOMPAT /IMPLIB:"C:\Users\Master Kenth\Documents\GitHub\Comatic-Trauma\Debug\Game.lib" /MACHINE:X86 Debug\Game.exe.embed.manifest.res
         Debug\Background.obj
         Debug\LevelOne.obj
         Debug\Main.obj
         Debug\Obstacle.obj
         Debug\ImageManager.obj
         Debug\PhoenixEngine.obj
         Debug\Player.obj
         Debug\SoundController.obj
         Debug\StateLoading.obj
         Debug\StateMenu.obj
         Debug\StateTest.obj
         Debug\WiimoteBindings.obj
         Debug\wiimote.obj
       Manifest:
         C:\Program Files (x86)\Microsoft SDKs\Windows\v7.0A\bin\mt.exe /nologo /verbose /out:"Debug\Game.exe.embed.manifest" /manifest Debug\Game.exe.intermediate.manifest
         All outputs are up-to-date.
       LinkEmbedManifest:
         All outputs are up-to-date.
         Game.vcxproj -> C:\Users\Master Kenth\Documents\GitHub\Comatic-Trauma\Debug\Game.exe
       FinalizeBuildStatus:
         Deleting file "Debug\Game.unsuccessfulbuild".
         Touching "Debug\Game.lastbuildstate".
     1>Done Building Project "C:\Users\Master Kenth\Documents\GitHub\Comatic-Trauma\Game\Game.vcxproj" (build target(s)).

Build succeeded.

Time Elapsed 00:00:02.02
=======
﻿Build started 26.01.2013 18:11:40.
     1>Project "E:\Github\Comatic-Trauma\Game\Game.vcxproj" on node 2 (build target(s)).
     1>InitializeBuildStatus:
         Creating "Debug\Game.unsuccessfulbuild" because "AlwaysCreate" was specified.
       ClCompile:
         c:\Program Files (x86)\Microsoft Visual Studio 10.0\VC\bin\CL.exe /c /ZI /nologo /W3 /WX- /Od /Oy- /D WIN32 /D _DEBUG /D _CONSOLE /D _UNICODE /D UNICODE /Gm /EHsc /RTC1 /MDd /GS /fp:precise /Zc:wchar_t /Zc:forScope /Fo"Debug\\" /Fd"Debug\vc100.pdb" /Gd /TP /analyze- /errorReport:prompt Paralax.cpp
         Paralax.cpp
       ManifestResourceCompile:
         All outputs are up-to-date.
       Link:
         c:\Program Files (x86)\Microsoft Visual Studio 10.0\VC\bin\link.exe /ERRORREPORT:PROMPT /OUT:"E:\Github\Comatic-Trauma\Debug\Game.exe" /INCREMENTAL /NOLOGO setupapi.lib winmm.lib hid.lib "sfml-main-d.lib" "sfml-graphics-d.lib" "sfml-system-d.lib" "sfml-window-d.lib" "sfml-audio-d.lib" kernel32.lib user32.lib gdi32.lib winspool.lib comdlg32.lib advapi32.lib shell32.lib ole32.lib oleaut32.lib uuid.lib odbc32.lib odbccp32.lib /MANIFEST /ManifestFile:"Debug\Game.exe.intermediate.manifest" /MANIFESTUAC:"level='asInvoker' uiAccess='false'" /DEBUG /PDB:"E:\Github\Comatic-Trauma\Debug\Game.pdb" /SUBSYSTEM:CONSOLE /TLBID:1 /DYNAMICBASE /NXCOMPAT /IMPLIB:"E:\Github\Comatic-Trauma\Debug\Game.lib" /MACHINE:X86 Debug\Game.exe.embed.manifest.res
         Debug\Background.obj
         Debug\LevelOne.obj
         Debug\Main.obj
         Debug\Obstacle.obj
         Debug\Paralax.obj
         Debug\ImageManager.obj
         Debug\PhoenixEngine.obj
         Debug\Player.obj
         Debug\SoundController.obj
         Debug\StateLoading.obj
         Debug\StateMenu.obj
         Debug\StateTest.obj
         Debug\WiimoteBindings.obj
         Debug\wiimote.obj
       Manifest:
         c:\Program Files (x86)\Microsoft SDKs\Windows\v7.0A\bin\mt.exe /nologo /verbose /out:"Debug\Game.exe.embed.manifest" /manifest Debug\Game.exe.intermediate.manifest
         All outputs are up-to-date.
       LinkEmbedManifest:
         All outputs are up-to-date.
         Game.vcxproj -> E:\Github\Comatic-Trauma\Debug\Game.exe
       FinalizeBuildStatus:
         Deleting file "Debug\Game.unsuccessfulbuild".
         Touching "Debug\Game.lastbuildstate".
     1>Done Building Project "E:\Github\Comatic-Trauma\Game\Game.vcxproj" (build target(s)).

Build succeeded.

Time Elapsed 00:00:01.17
>>>>>>> Par med lax
